<?xml version="1.0" encoding="UTF-8"?>
<!-- Generated by org.testng.reporters.JUnitReportReporter -->
<testsuite hostname="DESKTOP-F4535QR" failures="0" tests="1" name="cases.partone.SuccessfulLoginTestCase" time="3.333" errors="0" timestamp="2022-06-19T23:28:42 CDT" skipped="0">
  <testcase classname="cases.partone.SuccessfulLoginTestCase" name="successfulLoginAttempt_Test" time="3.333"/>
  <system-out/>
</testsuite> <!-- cases.partone.SuccessfulLoginTestCase -->
