<?xml version="1.0" encoding="UTF-8"?>
<!-- Generated by org.testng.reporters.JUnitReportReporter -->
<testsuite hostname="DESKTOP-F4535QR" failures="0" tests="7" name="cases.parttwo.FunctionalTestCase" time="48.156" errors="0" timestamp="2022-06-19T23:28:42 CDT" skipped="0">
  <testcase classname="cases.parttwo.FunctionalTestCase" name="resultsReturned_Test" time="8.127"/>
  <system-out/>
  <testcase classname="cases.parttwo.FunctionalTestCase" name="featureRelatedReading_Test" time="3.187"/>
  <system-out/>
  <testcase classname="cases.parttwo.FunctionalTestCase" name="closedCaptions_Test" time="5.544"/>
  <system-out/>
  <testcase classname="cases.parttwo.FunctionalTestCase" name="resultsReturned_Test" time="8.235"/>
  <system-out/>
  <testcase classname="cases.parttwo.FunctionalTestCase" name="movie_Test" time="5.473"/>
  <system-out/>
  <testcase classname="cases.parttwo.FunctionalTestCase" name="resultsReturned_Test" time="8.762"/>
  <system-out/>
  <testcase classname="cases.parttwo.FunctionalTestCase" name="resultsReturned_Test" time="8.828"/>
  <system-out/>
</testsuite> <!-- cases.parttwo.FunctionalTestCase -->
